<?xml version="1.0" encoding="UTF-8"?>
<!-- Generated by org.testng.reporters.JUnitReportReporter -->
<testsuite hostname="Hitesh-PC" name="rbShoeAutomation.EmailVerification" tests="1" failures="0" timestamp="17 Nov 2016 23:50:26 GMT" time="9.790" errors="0">
  <testcase name="verifyEmail" time="9.790" classname="rbShoeAutomation.EmailVerification"/>
</testsuite> <!-- rbShoeAutomation.EmailVerification -->
