<?xml version="1.0" encoding="UTF-8"?>
<!-- Generated by org.testng.reporters.JUnitReportReporter -->
<testsuite hostname="Hitesh-PC" name="rbShoeAutomation.MonthVerification" tests="1" failures="0" timestamp="17 Nov 2016 23:48:48 GMT" time="26.746" errors="0">
  <testcase name="verifyMonth" time="26.746" classname="rbShoeAutomation.MonthVerification"/>
</testsuite> <!-- rbShoeAutomation.MonthVerification -->
